Jessica Do
Log for PHZ 3150, Fall 2025
*****IN: Wed Aug 27 11:21:09 EST 2025
Opened TextEdit, started this log, saved as:
/home/jessica/Desktop/0-phz3150-jessicado.log

UCF Physics PHZ 3150: Introduction to Numerical Computing
Name: Jessica L. Do
Email: je557726@ucf.edu
Phone: 4078649446
Major: Photonic Science & Engineering
Year: 2nd
ID: 5643085
How did you hear about this course?
While talking to Mike McKee about what classes to take.
Do you have a laptop you can bring to class, install software on, etc.?
Yes, I do.
What operating system and version does it run?
It runs on macOS Sequoia 15.1.1.
How much free disk space does it have?
203.79
What operating systems are you comfortable working in?
I can work with any operating system, but prefer macOS.
What computer classes have you taken, including high school,
extracurricular, etc.?
I've taken COP2500, AP Computer Science A & Principles
Have you ever programmed a computer?
I've never programmed a computer, but I have programmed a PCB for
some projects in class.
In what language(s)?
Python, C, and C++
Summarize your experience:
I have some beginner and amateur experience in programming, I
definitely would not say I'm proficient in it, but I'm excited
to develop my skills in it more.
Have you taken statistics or probability?
I have not.
Why are you taking this course?
It's a requirement for my major, but I also want to develop my skills
in Python, which will help with my future career.
Are there particular topics you hope to learn?
Not really, I'm just excited to learn about everything.
If you have worked with scientific data or modeling before, briefly
describe your experience: I have through various projects in school,
such as in Physics or engineering, where we would create different 
prototypes and test our hypotheses. 
Have you ever been involved with a science club or similar? If so,
describe: I wasn't in any science clubs, but I did robotics when I
was younger.

*****OUT: Wed Aug 27 11:40:27 EST 2025

*****IN: Wed Aug 27 12:07:34 EST 2025
Completing HW 1
Python Version: 3.13.1
I took the screenshot by going to the screenshot application on my
laptop, there is a shortcut Command-Shift-4, but I had to search it up,
since I had forgotten. 

*****OUT: Wed Aug 27 12:59: EST 2025


